<?xml version="1.0" encoding="UTF-8"?>
<!-- Generated by org.testng.reporters.JUnitReportReporter -->
<testsuite hostname="MohamedAli" failures="0" tests="12" name="BDDAutomationExerciseStep.Runner" time="250.221" errors="0" timestamp="2023-03-07T13:59:00 CET" skipped="0">
  <testcase classname="BDDAutomationExerciseStep.Runner" name="runScenario" time="31.174"/>
  <system-out/>
  <testcase classname="BDDAutomationExerciseStep.Runner" name="runScenario" time="8.485"/>
  <system-out/>
  <testcase classname="BDDAutomationExerciseStep.Runner" name="runScenario" time="19.843"/>
  <system-out/>
  <testcase classname="BDDAutomationExerciseStep.Runner" name="runScenario" time="32.475"/>
  <system-out/>
  <testcase classname="BDDAutomationExerciseStep.Runner" name="runScenario" time="9.544"/>
  <system-out/>
  <testcase classname="BDDAutomationExerciseStep.Runner" name="runScenario" time="17.659"/>
  <system-out/>
  <testcase classname="BDDAutomationExerciseStep.Runner" name="runScenario" time="22.381"/>
  <system-out/>
  <testcase classname="BDDAutomationExerciseStep.Runner" name="runScenario" time="19.553"/>
  <system-out/>
  <testcase classname="BDDAutomationExerciseStep.Runner" name="runScenario" time="29.111"/>
  <system-out/>
  <testcase classname="BDDAutomationExerciseStep.Runner" name="runScenario" time="8.128"/>
  <system-out/>
  <testcase classname="BDDAutomationExerciseStep.Runner" name="runScenario" time="34.149"/>
  <system-out/>
  <testcase classname="BDDAutomationExerciseStep.Runner" name="runScenario" time="17.719"/>
  <system-out/>
</testsuite> <!-- BDDAutomationExerciseStep.Runner -->
